<?xml version="1.0" encoding="UTF-8"?>
<!-- Generated by org.testng.reporters.JUnitReportReporter -->
<testsuite hostname="harshit" failures="0" tests="5" name="login.positiveLoginFlow" time="52.020" errors="0" timestamp="2025-06-04T02:09:36 IST" skipped="0">
  <testcase classname="login.positiveLoginFlow" name="login" time="10.143"/>
  <testcase classname="login.positiveLoginFlow" name="testIncorrectUsername" time="9.910"/>
  <testcase classname="login.positiveLoginFlow" name="testIncorrectPassword" time="10.642"/>
  <testcase classname="login.positiveLoginFlow" name="testBothIncorrect" time="10.684"/>
  <testcase classname="login.positiveLoginFlow" name="accessControlTest" time="10.641"/>
</testsuite> <!-- login.positiveLoginFlow -->
